<?xml version="1.0" encoding="UTF-8"?>
<!-- Generated by org.testng.reporters.JUnitReportReporter -->
<testsuite hostname="LTIN275806" failures="0" tests="1" name="TestCases.VHealthInsurancePageTest" time="6.429" errors="0" timestamp="2024-03-01T12:50:55 IST" skipped="0">
  <testcase classname="TestCases.VHealthInsurancePageTest" name="PrintHeathInsuranceMenu" time="6.429"/>
</testsuite> <!-- TestCases.VHealthInsurancePageTest -->
