<?xml version="1.0" encoding="UTF-8"?>
<!-- Generated by org.testng.reporters.JUnitReportReporter -->
<testsuite hostname="LTIN275806" failures="0" tests="2" name="TestCases.UCarDetailsPageTest" time="13.759" errors="0" timestamp="2024-03-01T12:50:55 IST" skipped="0">
  <testcase classname="TestCases.UCarDetailsPageTest" name="clickCar" time="2.975"/>
  <testcase classname="TestCases.UCarDetailsPageTest" name="clickBuyingCar" time="10.784"/>
</testsuite> <!-- TestCases.UCarDetailsPageTest -->
