<?xml version="1.0" encoding="UTF-8"?>
<!-- Generated by org.testng.reporters.JUnitReportReporter -->
<testsuite hostname="LTIN241988" failures="0" tests="2" name="TestCases.TestCase1" time="4.674" errors="0" timestamp="2024-02-20T15:31:05 IST" skipped="0">
  <testcase classname="TestCases.TestCase1" name="loadWebsite" time="3.832"/>
  <testcase classname="TestCases.TestCase1" name="clickTravel" time="0.842"/>
</testsuite> <!-- TestCases.TestCase1 -->
