<?xml version="1.0" encoding="UTF-8"?>
<!-- Generated by org.testng.reporters.JUnitReportReporter -->
<testsuite hostname="LTIN275806" failures="0" tests="3" name="TestCases.TravelDetailsPageTest" time="40.330" errors="0" timestamp="2024-03-01T12:50:55 IST" skipped="0">
  <testcase classname="TestCases.TravelDetailsPageTest" name="selectCountry" time="19.835"/>
  <testcase classname="TestCases.TravelDetailsPageTest" name="studentPlans" time="18.889"/>
  <testcase classname="TestCases.TravelDetailsPageTest" name="printTop3Plans" time="1.606"/>
</testsuite> <!-- TestCases.TravelDetailsPageTest -->
