<?xml version="1.0" encoding="UTF-8"?>
<!-- Generated by org.testng.reporters.JUnitReportReporter -->
<testsuite hostname="LTIN275806" failures="0" tests="2" name="TestCases.HomePageTest" time="6.782" errors="0" timestamp="2024-03-01T12:50:55 IST" skipped="0">
  <testcase classname="TestCases.HomePageTest" name="loadWebsite" time="5.990"/>
  <testcase classname="TestCases.HomePageTest" name="clickTravel" time="0.792"/>
</testsuite> <!-- TestCases.HomePageTest -->
