<?xml version="1.0" encoding="UTF-8"?>
<!-- Generated by org.testng.reporters.JUnitReportReporter -->
<testsuite hostname="LTIN275806" failures="0" tests="1" name="TestCases.VHealthInsurancePageTest" time="5.049" errors="0" timestamp="2024-03-04T22:31:45 IST" skipped="0">
  <testcase classname="TestCases.VHealthInsurancePageTest" name="PrintHeathInsuranceMenu" time="5.049"/>
</testsuite> <!-- TestCases.VHealthInsurancePageTest -->
