<?xml version="1.0" encoding="UTF-8"?>
<!-- Generated by org.testng.reporters.JUnitReportReporter -->
<testsuite hostname="LTIN275806" failures="0" tests="2" name="TestCases.UCarDetailsPageTest" time="12.538" errors="0" timestamp="2024-03-04T22:31:45 IST" skipped="0">
  <testcase classname="TestCases.UCarDetailsPageTest" name="clickCar" time="2.236"/>
  <testcase classname="TestCases.UCarDetailsPageTest" name="clickBuyingCar" time="10.302"/>
</testsuite> <!-- TestCases.UCarDetailsPageTest -->
