<?xml version="1.0" encoding="UTF-8"?>
<!-- Generated by org.testng.reporters.JUnitReportReporter -->
<testsuite hostname="LTIN275806" failures="0" tests="2" name="TestCases.HomePageTest" time="5.066" errors="0" timestamp="2024-03-04T22:31:45 IST" skipped="0">
  <testcase classname="TestCases.HomePageTest" name="loadWebsite" time="4.461"/>
  <testcase classname="TestCases.HomePageTest" name="clickTravel" time="0.605"/>
</testsuite> <!-- TestCases.HomePageTest -->
