<?xml version="1.0" encoding="UTF-8"?>
<!-- Generated by org.testng.reporters.JUnitReportReporter -->
<testsuite hostname="LTIN275806" failures="0" tests="3" name="TestCases.TravelDetailsPageTest" time="37.927" errors="0" timestamp="2024-03-04T22:31:45 IST" skipped="0">
  <testcase classname="TestCases.TravelDetailsPageTest" name="selectCountry" time="19.236"/>
  <testcase classname="TestCases.TravelDetailsPageTest" name="studentPlans" time="17.443"/>
  <testcase classname="TestCases.TravelDetailsPageTest" name="printTop3Plans" time="1.248"/>
</testsuite> <!-- TestCases.TravelDetailsPageTest -->
